<?xml version="1.0" encoding="UTF-8"?>
<!-- Generated by org.testng.reporters.JUnitReportReporter -->
<testsuite hostname="Parass-Mac-mini.local" failures="0" tests="6" name="com.hxpms.runners.TestNGRunner" time="553.888" errors="0" timestamp="2026-04-22T17:06:14 IST" skipped="0">
  <testcase classname="com.hxpms.runners.TestNGRunner" name="runScenario" time="108.057"/>
  <testcase classname="com.hxpms.runners.TestNGRunner" name="runScenario" time="66.889"/>
  <testcase classname="com.hxpms.runners.TestNGRunner" name="runScenario" time="238.949"/>
  <testcase classname="com.hxpms.runners.TestNGRunner" name="runScenario" time="3.725"/>
  <testcase classname="com.hxpms.runners.TestNGRunner" name="runScenario" time="30.159"/>
  <testcase classname="com.hxpms.runners.TestNGRunner" name="runScenario" time="106.109"/>
</testsuite> <!-- com.hxpms.runners.TestNGRunner -->
