<?xml version="1.0" encoding="UTF-8"?>
<!-- Generated by org.testng.reporters.JUnitReportReporter -->
<testsuite hostname="Parass-Mac-mini.local" failures="0" tests="1" name="com.hxpms.runners.TestNGRunner" time="528.941" errors="1" timestamp="2026-04-17T15:10:23 IST" skipped="0">
  <testcase classname="com.hxpms.runners.TestNGRunner" name="runScenario" time="528.941">
    <error message="Expected condition failed: waiting for at least one condition to be valid: url to contain &quot;booking/details&quot;. Current url: &quot;https://demo.hotelxplore.com/frontdesk/book-room?book-type=Walk%20In&quot; || url to contain &quot;booking/&quot;. Current url: &quot;https://demo.hotelxplore.com/frontdesk/book-room?book-type=Walk%20In&quot; || visibility of element located by By.cssSelector: #postPayment (tried for 60 second(s) with 500 milliseconds interval)
Build info: version: &#039;4.15.0&#039;, revision: &#039;1d14b5521b&#039;
System info: os.name: &#039;Mac OS X&#039;, os.arch: &#039;aarch64&#039;, os.version: &#039;14.6&#039;, java.version: &#039;17.0.13&#039;
Driver info: org.openqa.selenium.chrome.ChromeDriver
Capabilities {acceptInsecureCerts: false, browserName: chrome, browserVersion: 147.0.7727.56, chrome: {chromedriverVersion: 147.0.7727.57 (b4f28b5637d0..., userDataDir: /var/folders/bt/fnhvdc_n35x...}, fedcm:accounts: true, goog:chromeOptions: {debuggerAddress: localhost:58151}, goog:processID: 6333, networkConnectionEnabled: false, pageLoadStrategy: normal, platformName: mac, proxy: Proxy(), se:cdp: ws://localhost:58151/devtoo..., se:cdpVersion: 147.0.7727.56, setWindowRect: true, strictFileInteractability: false, timeouts: {implicit: 0, pageLoad: 300000, script: 30000}, unhandledPromptBehavior: dismiss and notify, webauthn:extension:credBlob: true, webauthn:extension:largeBlob: true, webauthn:extension:minPinLength: true, webauthn:extension:prf: true, webauthn:virtualAuthenticators: true}
Session ID: 3cab9297ed37f700046ee23edfc4ba0e" type="org.openqa.selenium.TimeoutException">
      <![CDATA[org.openqa.selenium.TimeoutException: Expected condition failed: waiting for at least one condition to be valid: url to contain "booking/details". Current url: "https://demo.hotelxplore.com/frontdesk/book-room?book-type=Walk%20In" || url to contain "booking/". Current url: "https://demo.hotelxplore.com/frontdesk/book-room?book-type=Walk%20In" || visibility of element located by By.cssSelector: #postPayment (tried for 60 second(s) with 500 milliseconds interval)
Build info: version: '4.15.0', revision: '1d14b5521b'
System info: os.name: 'Mac OS X', os.arch: 'aarch64', os.version: '14.6', java.version: '17.0.13'
Driver info: org.openqa.selenium.chrome.ChromeDriver
Capabilities {acceptInsecureCerts: false, browserName: chrome, browserVersion: 147.0.7727.56, chrome: {chromedriverVersion: 147.0.7727.57 (b4f28b5637d0..., userDataDir: /var/folders/bt/fnhvdc_n35x...}, fedcm:accounts: true, goog:chromeOptions: {debuggerAddress: localhost:58151}, goog:processID: 6333, networkConnectionEnabled: false, pageLoadStrategy: normal, platformName: mac, proxy: Proxy(), se:cdp: ws://localhost:58151/devtoo..., se:cdpVersion: 147.0.7727.56, setWindowRect: true, strictFileInteractability: false, timeouts: {implicit: 0, pageLoad: 300000, script: 30000}, unhandledPromptBehavior: dismiss and notify, webauthn:extension:credBlob: true, webauthn:extension:largeBlob: true, webauthn:extension:minPinLength: true, webauthn:extension:prf: true, webauthn:virtualAuthenticators: true}
Session ID: 3cab9297ed37f700046ee23edfc4ba0e
at org.openqa.selenium.support.ui.WebDriverWait.timeoutException(WebDriverWait.java:84)
at org.openqa.selenium.support.ui.FluentWait.until(FluentWait.java:229)
at com.hxpms.stepdefinitions.BookingSteps.theBookingShouldBeCreatedSuccessfully(BookingSteps.java:387)
at ✽.the booking should be created successfully(file:///Users/pa/Downloads/HX_PMS_Full%20_Phase/HX_PMS/HX_PMS_Framework/src/test/resources/features/Booking.feature:7)
]]>
    </error>
  </testcase> <!-- runScenario -->
</testsuite> <!-- com.hxpms.runners.TestNGRunner -->
