<?xml version="1.0" encoding="UTF-8"?>
<!-- Generated by org.testng.reporters.JUnitXMLReporter -->
<testsuite ignored="0" hostname="Parass-Mac-mini.local" failures="0" tests="2" name="Cucumber Tests" time="139.848" errors="0" timestamp="2026-04-22T16:40:59 IST">
  <testcase classname="io.cucumber.testng.AbstractTestNGCucumberTests" name="runScenario" time="31.6"/>
  <testcase classname="io.cucumber.testng.AbstractTestNGCucumberTests" name="runScenario" time="107.84"/>
</testsuite> <!-- Cucumber Tests -->
