<?xml version="1.0" encoding="UTF-8"?>
<testsuite xmlns:xsi="http://www.w3.org/2001/XMLSchema-instance" xsi:noNamespaceSchemaLocation="https://maven.apache.org/surefire/maven-surefire-plugin/xsd/surefire-test-report-3.0.xsd" version="3.0" name="TestSuite" time="140.008" tests="2" errors="0" skipped="0" failures="0">
  <properties>
[...]
</properties>
  <testcase name="runScenario[&quot;Create a walk-in booking for Non Smoking Double Beds room type with cash payment&quot;, &quot;Create Booking&quot;](1)" classname="com.hxpms.runners.TestNGRunner" time="31.597">
    <system-out><![CDATA[
@walkin-nsdb
Scenario: Create a walk-in booking for Non Smoking Double Beds room type with cash payment # src/test/resources/features/Booking.feature:18
[CommonSteps] waiting for dashboard, current URL=https://demo.hotelxplore.com/frontdesk/dashboard, title=Hotel Xplore - Dashboard
[CommonSteps] dashboard detected, URL=https://demo.hotelxplore.com/frontdesk/dashboard, title=Hotel Xplore - Dashboard
  Given I am logged in                                                                     # com.hxpms.stepdefinitions.CommonSteps.iAmLoggedIn()
  When I navigate to bookings page                                                         # com.hxpms.stepdefinitions.BookingSteps.iNavigateToBookingsPage()
[BookingSteps] Excel loaded: WalkIn_NSDB_Guest -> {ZIP=30301, BOOKING TYPE=Walk In, FIRST NAME=Joyvita, ADULTS=2, EMAIL=joyvita.williams@example.com, KIDS=0, ROOMS=1, LAST NAME=Williams, ADDRESS=88 Lakeview Drive, SCENARIO=Walk-In NSDB Booking, NIGHTS=1, ROOM TYPE=Non Smoking Double Beds, MOBILE=5553219870}
[BookingSteps] checkin_date already filled: 04/22/2026
[BookingSteps] checkout_date already filled: 04/23/2026
[BookingSteps] Search form: type=Walk In rooms=1 nights=1
[BookingSteps] Search clicked
[BookingSteps] Search results ready
[BookingSteps] Clicked NSDB heading
[BookingSteps] Clicked NSDB SELECT button
[BookingSteps] Modal closed
[BookingSteps] Select2 #country-dropdown = 'United States' (value=019542f8-270a-a8b2-aff5-475e2036cf10)
[BookingSteps] Select2 #state-dropdown = 'Alaska' (value=01954301-0d52-9ea8-8e64-0c82fa92d2a3)
[BookingSteps] Select2 #city-dropdown = 'Akutan' (value=019542f2-1c4b-bb63-ee73-457a3dfeacdc)
[BookingSteps] Guest filled: Joyvita Williams
[BookingSteps] Clicked Next button
[BookingSteps] Cash selected
[BookingSteps] Booking confirmed
  And I create a walk-in booking for NSDB room type                                        # com.hxpms.stepdefinitions.BookingSteps.iCreateAWalkInBookingForNSDBRoomType()
[BookingSteps] Booking created: https://demo.hotelxplore.com/frontdesk/booking/details/019db4e1-1e87-253b-c476-0f72bf1efecb
  Then the booking should be created successfully                                          # com.hxpms.stepdefinitions.BookingSteps.theBookingShouldBeCreatedSuccessfully()
]]></system-out>
    <system-err><![CDATA[SLF4J: Failed to load class "org.slf4j.impl.StaticLoggerBinder".
SLF4J: Defaulting to no-operation (NOP) logger implementation
SLF4J: See http://www.slf4j.org/codes.html#StaticLoggerBinder for further details.
Apr 22, 2026 4:38:41 PM org.openqa.selenium.devtools.CdpVersionFinder findNearestMatch
WARNING: Unable to find CDP implementation matching 147
Apr 22, 2026 4:38:41 PM org.openqa.selenium.chromium.ChromiumDriver lambda$new$5
WARNING: Unable to find version of CDP to use for 147.0.7727.102. You may need to include a dependency on a specific version of the CDP using something similar to `org.seleniumhq.selenium:selenium-devtools-v86:4.15.0` where the version ("v86") matches the version of the chromium-based browser you're using and the version number of the artifact is the same as Selenium's.
ERROR StatusLogger Log4j2 could not find a logging implementation. Please add log4j-core to the classpath. Using SimpleLogger to log to the console...
]]></system-err>
  </testcase>
  <testcase name="runScenario[&quot;Create a reservation booking for Non Smoking Double Beds room type with cash payment&quot;, &quot;Create Booking&quot;](2)" classname="com.hxpms.runners.TestNGRunner" time="107.839">
    <system-out><![CDATA[
@reservation-nsdb
Scenario: Create a reservation booking for Non Smoking Double Beds room type with cash payment # src/test/resources/features/Booking.feature:25
[CommonSteps] waiting for dashboard, current URL=https://demo.hotelxplore.com/frontdesk/dashboard, title=Hotel Xplore - Dashboard
[CommonSteps] dashboard detected, URL=https://demo.hotelxplore.com/frontdesk/dashboard, title=Hotel Xplore - Dashboard
  Given I am logged in                                                                         # com.hxpms.stepdefinitions.CommonSteps.iAmLoggedIn()
  When I navigate to bookings page                                                             # com.hxpms.stepdefinitions.BookingSteps.iNavigateToBookingsPage()
[BookingSteps] Excel loaded: Reservation_NSDB_Guest -> {ZIP=77001, BOOKING TYPE=Reservation, FIRST NAME=Joyvita, ADULTS=5, EMAIL=joyvita.williams2@example.com, KIDS=1, ROOMS=3, LAST NAME=Williams, ADDRESS=22 Riverside Road, SCENARIO=Reservation NSDB Booking, NIGHTS=6, ROOM TYPE=Non Smoking Double Beds, MOBILE=5557654321}
[BookingSteps] checkin_date already filled: 04/22/2026
[BookingSteps] checkout_date already filled: 04/23/2026
[BookingSteps] Search form: type=Reservation rooms=3 nights=6
[BookingSteps] Search clicked
[BookingSteps] Search results ready
[BookingSteps] Clicked NSDB heading
[BookingSteps] Clicked NSDB SELECT button
[BookingSteps] Modal closed
[BookingSteps] Select2 #country-dropdown = 'United States' (value=019542f8-270a-a8b2-aff5-475e2036cf10)
[BookingSteps] Select2 #state-dropdown = 'Alaska' (value=01954301-0d52-9ea8-8e64-0c82fa92d2a3)
[BookingSteps] Select2 #city-dropdown = 'Akutan' (value=019542f2-1c4b-bb63-ee73-457a3dfeacdc)
[BookingSteps] Guest filled: Joyvita Williams
[BookingSteps] Clicked Next button
[BookingSteps] Cash selected
[BookingSteps] Booking confirmed
  And I create a reservation booking for NSDB room type                                        # com.hxpms.stepdefinitions.BookingSteps.iCreateAReservationBookingForNSDBRoomType()
[BookingSteps] Reservation booking created: https://demo.hotelxplore.com/frontdesk/booking/todays/new-booking
  Then the reservation booking should be created successfully                                  # com.hxpms.stepdefinitions.BookingSteps.theReservationBookingShouldBeCreatedSuccessfully()
]]></system-out>
    <system-err><![CDATA[Apr 22, 2026 4:39:11 PM org.openqa.selenium.devtools.CdpVersionFinder findNearestMatch
WARNING: Unable to find CDP implementation matching 147
Apr 22, 2026 4:39:11 PM org.openqa.selenium.chromium.ChromiumDriver lambda$new$5
WARNING: Unable to find version of CDP to use for 147.0.7727.102. You may need to include a dependency on a specific version of the CDP using something similar to `org.seleniumhq.selenium:selenium-devtools-v86:4.15.0` where the version ("v86") matches the version of the chromium-based browser you're using and the version number of the artifact is the same as Selenium's.
]]></system-err>
  </testcase>
</testsuite>