<?xml version="1.0" encoding="UTF-8"?>
<testsuite xmlns:xsi="http://www.w3.org/2001/XMLSchema-instance" xsi:noNamespaceSchemaLocation="https://maven.apache.org/surefire/maven-surefire-plugin/xsd/surefire-test-report-3.0.xsd" version="3.0" name="TestSuite" time="519.682" tests="1" errors="0" skipped="0" failures="1">
  <properties>
[...]
</properties>
  <testcase name="runScenario[&quot;Create a new walk-in booking for an existing guest with cash payment&quot;, &quot;Create Booking&quot;](1)" classname="com.hxpms.runners.TestNGRunner" time="519.283">
    <failure message="Expected condition failed: waiting for at least one condition to be valid: url to contain &quot;booking/details&quot;. Current url: &quot;https://demo.hotelxplore.com/frontdesk/book-room?book-type=Walk%20In&quot; || url to contain &quot;booking/&quot;. Current url: &quot;https://demo.hotelxplore.com/frontdesk/book-room?book-type=Walk%20In&quot; || visibility of element located by By.cssSelector: #postPayment (tried for 60 second(s) with 500 milliseconds interval)&#10;Build info: version: &apos;4.15.0&apos;, revision: &apos;1d14b5521b&apos;&#10;System info: os.name: &apos;Mac OS X&apos;, os.arch: &apos;aarch64&apos;, os.version: &apos;14.6&apos;, java.version: &apos;17.0.13&apos;&#10;Driver info: org.openqa.selenium.chrome.ChromeDriver&#10;Capabilities {acceptInsecureCerts: false, browserName: chrome, browserVersion: 147.0.7727.56, chrome: {chromedriverVersion: 147.0.7727.57 (b4f28b5637d0..., userDataDir: /var/folders/bt/fnhvdc_n35x...}, fedcm:accounts: true, goog:chromeOptions: {debuggerAddress: localhost:49689}, goog:processID: 3758, networkConnectionEnabled: false, pageLoadStrategy: normal, platformName: mac, proxy: Proxy(), se:cdp: ws://localhost:49689/devtoo..., se:cdpVersion: 147.0.7727.56, setWindowRect: true, strictFileInteractability: false, timeouts: {implicit: 0, pageLoad: 300000, script: 30000}, unhandledPromptBehavior: dismiss and notify, webauthn:extension:credBlob: true, webauthn:extension:largeBlob: true, webauthn:extension:minPinLength: true, webauthn:extension:prf: true, webauthn:virtualAuthenticators: true}&#10;Session ID: 026f50ed22b7d3470cc2986717242a34" type="org.openqa.selenium.TimeoutException"><![CDATA[org.openqa.selenium.TimeoutException: 
Expected condition failed: waiting for at least one condition to be valid: url to contain "booking/details". Current url: "https://demo.hotelxplore.com/frontdesk/book-room?book-type=Walk%20In" || url to contain "booking/". Current url: "https://demo.hotelxplore.com/frontdesk/book-room?book-type=Walk%20In" || visibility of element located by By.cssSelector: #postPayment (tried for 60 second(s) with 500 milliseconds interval)
Build info: version: '4.15.0', revision: '1d14b5521b'
System info: os.name: 'Mac OS X', os.arch: 'aarch64', os.version: '14.6', java.version: '17.0.13'
Driver info: org.openqa.selenium.chrome.ChromeDriver
Capabilities {acceptInsecureCerts: false, browserName: chrome, browserVersion: 147.0.7727.56, chrome: {chromedriverVersion: 147.0.7727.57 (b4f28b5637d0..., userDataDir: /var/folders/bt/fnhvdc_n35x...}, fedcm:accounts: true, goog:chromeOptions: {debuggerAddress: localhost:49689}, goog:processID: 3758, networkConnectionEnabled: false, pageLoadStrategy: normal, platformName: mac, proxy: Proxy(), se:cdp: ws://localhost:49689/devtoo..., se:cdpVersion: 147.0.7727.56, setWindowRect: true, strictFileInteractability: false, timeouts: {implicit: 0, pageLoad: 300000, script: 30000}, unhandledPromptBehavior: dismiss and notify, webauthn:extension:credBlob: true, webauthn:extension:largeBlob: true, webauthn:extension:minPinLength: true, webauthn:extension:prf: true, webauthn:virtualAuthenticators: true}
Session ID: 026f50ed22b7d3470cc2986717242a34
	at org.openqa.selenium.support.ui.WebDriverWait.timeoutException(WebDriverWait.java:84)
	at org.openqa.selenium.support.ui.FluentWait.until(FluentWait.java:229)
	at com.hxpms.stepdefinitions.BookingSteps.theBookingShouldBeCreatedSuccessfully(BookingSteps.java:387)
	at ✽.the booking should be created successfully(file:///Users/pa/Downloads/HX_PMS_Full%20_Phase/HX_PMS/HX_PMS_Framework/src/test/resources/features/Booking.feature:7)
]]></failure>
    <system-out><![CDATA[
Scenario: Create a new walk-in booking for an existing guest with cash payment # src/test/resources/features/Booking.feature:3
[CommonSteps] waiting for dashboard, current URL=https://demo.hotelxplore.com/frontdesk/dashboard, title=Hotel Xplore - Dashboard
[CommonSteps] dashboard detected, URL=https://demo.hotelxplore.com/frontdesk/dashboard, title=Hotel Xplore - Dashboard
  Given I am logged in                                                         # com.hxpms.stepdefinitions.CommonSteps.iAmLoggedIn()
  When I navigate to bookings page                                             # com.hxpms.stepdefinitions.BookingSteps.iNavigateToBookingsPage()
[BookingSteps] dumpRoomPageState: currentUrl=https://demo.hotelxplore.com/frontdesk/book-room?book-type=Walk%20In
[BookingSteps] dumpRoomPageState: title=Hotel Xplore - Book Room
[BookingSteps] dumpRoomPageState: totalButtons=25
[BookingSteps] button[0]='' class='js-toggle-fullscreen-btn toggle-fullscreen-btn btn d-none d-md-block'
[BookingSteps] button[1]='' class='btn-close border border-dark rounded'
[BookingSteps] button[2]='' class='accordion-button'
[BookingSteps] button[3]='' class='accordion-button collapsed'
[BookingSteps] button[4]='' class='accordion-button collapsed'
[BookingSteps] button[5]='Search' class='btn btn-warning w-100 h-45 search'
[BookingSteps] button[6]='' class='btn btn-warning w-100 h-45 search-room-type d-none'
[BookingSteps] button[7]='' class='float-end btn btn-dark'
[BookingSteps] button[8]='' class='btn btn-warning h-45 w-100 btn-book payment-btn company-payment-btn'
[BookingSteps] button[9]='' class='btn btn-warning h-45 w-100 btn-book btn-confirm d-none company-book-btn'
[BookingSteps] button[10]='' class='close border border-dark rounded'
[BookingSteps] button[11]='' class='btn btn-dark  btn-lg'
[BookingSteps] button[12]='' class='btn btn-primary  btn-lg btn-book btn-confirm'
[BookingSteps] button[13]='' class='close border border-dark rounded'
[BookingSteps] button[14]='' class='btn btn-primary float-end'
[BookingSteps] cash label count=0
[BookingSteps] room container count=4
[BookingSteps] User's specific XPath failed: Expected condition failed: waiting for element to be clickable: By.xpath: (//div[@class='modal-dialog modal-dialog-scrollable modal-xl modal-dialog-centered']//button[@class="btn btn-outline-dark room_types"])[1] (tried for 40 second(s) with 500 milliseconds interval)
Build info: version: '4.15.0', revision: '1d14b5521b'
System info: os.name: 'Mac OS X', os.arch: 'aarch64', os.version: '14.6', java.version: '17.0.13'
Driver info: org.openqa.selenium.chrome.ChromeDriver
Capabilities {acceptInsecureCerts: false, browserName: chrome, browserVersion: 147.0.7727.56, chrome: {chromedriverVersion: 147.0.7727.57 (b4f28b5637d0..., userDataDir: /var/folders/bt/fnhvdc_n35x...}, fedcm:accounts: true, goog:chromeOptions: {debuggerAddress: localhost:49689}, goog:processID: 3758, networkConnectionEnabled: false, pageLoadStrategy: normal, platformName: mac, proxy: Proxy(), se:cdp: ws://localhost:49689/devtoo..., se:cdpVersion: 147.0.7727.56, setWindowRect: true, strictFileInteractability: false, timeouts: {implicit: 0, pageLoad: 300000, script: 30000}, unhandledPromptBehavior: dismiss and notify, webauthn:extension:credBlob: true, webauthn:extension:largeBlob: true, webauthn:extension:minPinLength: true, webauthn:extension:prf: true, webauthn:virtualAuthenticators: true}
Session ID: 026f50ed22b7d3470cc2986717242a34
[BookingSteps] Successfully clicked room button using alternative selector: By.xpath: //button[contains(@class,'btn') and not(contains(@class,'close')) and not(contains(@aria-label,'Close'))]
[BookingSteps] clickCheckIn selector failed: By.cssSelector: button.btn-book.btn-confirm:not(.d-none) -> Expected condition failed: waiting for element to be clickable: By.cssSelector: button.btn-book.btn-confirm:not(.d-none) (tried for 40 second(s) with 500 milliseconds interval)
Build info: version: '4.15.0', revision: '1d14b5521b'
System info: os.name: 'Mac OS X', os.arch: 'aarch64', os.version: '14.6', java.version: '17.0.13'
Driver info: org.openqa.selenium.chrome.ChromeDriver
Capabilities {acceptInsecureCerts: false, browserName: chrome, browserVersion: 147.0.7727.56, chrome: {chromedriverVersion: 147.0.7727.57 (b4f28b5637d0..., userDataDir: /var/folders/bt/fnhvdc_n35x...}, fedcm:accounts: true, goog:chromeOptions: {debuggerAddress: localhost:49689}, goog:processID: 3758, networkConnectionEnabled: false, pageLoadStrategy: normal, platformName: mac, proxy: Proxy(), se:cdp: ws://localhost:49689/devtoo..., se:cdpVersion: 147.0.7727.56, setWindowRect: true, strictFileInteractability: false, timeouts: {implicit: 0, pageLoad: 300000, script: 30000}, unhandledPromptBehavior: dismiss and notify, webauthn:extension:credBlob: true, webauthn:extension:largeBlob: true, webauthn:extension:minPinLength: true, webauthn:extension:prf: true, webauthn:virtualAuthenticators: true}
Session ID: 026f50ed22b7d3470cc2986717242a34
[BookingSteps] clickCheckIn selector failed: By.cssSelector: button.btn-primary.btn-book.btn-confirm:not(.d-none) -> Expected condition failed: waiting for element to be clickable: By.cssSelector: button.btn-primary.btn-book.btn-confirm:not(.d-none) (tried for 40 second(s) with 500 milliseconds interval)
Build info: version: '4.15.0', revision: '1d14b5521b'
System info: os.name: 'Mac OS X', os.arch: 'aarch64', os.version: '14.6', java.version: '17.0.13'
Driver info: org.openqa.selenium.chrome.ChromeDriver
Capabilities {acceptInsecureCerts: false, browserName: chrome, browserVersion: 147.0.7727.56, chrome: {chromedriverVersion: 147.0.7727.57 (b4f28b5637d0..., userDataDir: /var/folders/bt/fnhvdc_n35x...}, fedcm:accounts: true, goog:chromeOptions: {debuggerAddress: localhost:49689}, goog:processID: 3758, networkConnectionEnabled: false, pageLoadStrategy: normal, platformName: mac, proxy: Proxy(), se:cdp: ws://localhost:49689/devtoo..., se:cdpVersion: 147.0.7727.56, setWindowRect: true, strictFileInteractability: false, timeouts: {implicit: 0, pageLoad: 300000, script: 30000}, unhandledPromptBehavior: dismiss and notify, webauthn:extension:credBlob: true, webauthn:extension:largeBlob: true, webauthn:extension:minPinLength: true, webauthn:extension:prf: true, webauthn:virtualAuthenticators: true}
Session ID: 026f50ed22b7d3470cc2986717242a34
[BookingSteps] clickCheckIn selector failed: By.cssSelector: button.btn-book.btn-confirm -> Expected condition failed: waiting for element to be clickable: By.cssSelector: button.btn-book.btn-confirm (tried for 40 second(s) with 500 milliseconds interval)
Build info: version: '4.15.0', revision: '1d14b5521b'
System info: os.name: 'Mac OS X', os.arch: 'aarch64', os.version: '14.6', java.version: '17.0.13'
Driver info: org.openqa.selenium.chrome.ChromeDriver
Capabilities {acceptInsecureCerts: false, browserName: chrome, browserVersion: 147.0.7727.56, chrome: {chromedriverVersion: 147.0.7727.57 (b4f28b5637d0..., userDataDir: /var/folders/bt/fnhvdc_n35x...}, fedcm:accounts: true, goog:chromeOptions: {debuggerAddress: localhost:49689}, goog:processID: 3758, networkConnectionEnabled: false, pageLoadStrategy: normal, platformName: mac, proxy: Proxy(), se:cdp: ws://localhost:49689/devtoo..., se:cdpVersion: 147.0.7727.56, setWindowRect: true, strictFileInteractability: false, timeouts: {implicit: 0, pageLoad: 300000, script: 30000}, unhandledPromptBehavior: dismiss and notify, webauthn:extension:credBlob: true, webauthn:extension:largeBlob: true, webauthn:extension:minPinLength: true, webauthn:extension:prf: true, webauthn:virtualAuthenticators: true}
Session ID: 026f50ed22b7d3470cc2986717242a34
[BookingSteps] clickCheckIn selector failed: By.xpath: //button[contains(normalize-space(@class), 'btn-book') and contains(normalize-space(@class), 'btn-confirm') and not(contains(@class,'d-none'))] -> Expected condition failed: waiting for element to be clickable: By.xpath: //button[contains(normalize-space(@class), 'btn-book') and contains(normalize-space(@class), 'btn-confirm') and not(contains(@class,'d-none'))] (tried for 40 second(s) with 500 milliseconds interval)
Build info: version: '4.15.0', revision: '1d14b5521b'
System info: os.name: 'Mac OS X', os.arch: 'aarch64', os.version: '14.6', java.version: '17.0.13'
Driver info: org.openqa.selenium.chrome.ChromeDriver
Capabilities {acceptInsecureCerts: false, browserName: chrome, browserVersion: 147.0.7727.56, chrome: {chromedriverVersion: 147.0.7727.57 (b4f28b5637d0..., userDataDir: /var/folders/bt/fnhvdc_n35x...}, fedcm:accounts: true, goog:chromeOptions: {debuggerAddress: localhost:49689}, goog:processID: 3758, networkConnectionEnabled: false, pageLoadStrategy: normal, platformName: mac, proxy: Proxy(), se:cdp: ws://localhost:49689/devtoo..., se:cdpVersion: 147.0.7727.56, setWindowRect: true, strictFileInteractability: false, timeouts: {implicit: 0, pageLoad: 300000, script: 30000}, unhandledPromptBehavior: dismiss and notify, webauthn:extension:credBlob: true, webauthn:extension:largeBlob: true, webauthn:extension:minPinLength: true, webauthn:extension:prf: true, webauthn:virtualAuthenticators: true}
Session ID: 026f50ed22b7d3470cc2986717242a34
[BookingSteps] clickCheckIn selector failed: By.xpath: //button[contains(translate(normalize-space(.), 'ABCDEFGHIJKLMNOPQRSTUVWXYZ', 'abcdefghijklmnopqrstuvwxyz'), 'check in') or contains(translate(normalize-space(.), 'ABCDEFGHIJKLMNOPQRSTUVWXYZ', 'abcdefghijklmnopqrstuvwxyz'), 'check-in') or contains(translate(normalize-space(.), 'ABCDEFGHIJKLMNOPQRSTUVWXYZ', 'abcdefghijklmnopqrstuvwxyz'), 'checkin') or contains(translate(normalize-space(.), 'ABCDEFGHIJKLMNOPQRSTUVWXYZ', 'abcdefghijklmnopqrstuvwxyz'), 'confirm') or contains(translate(normalize-space(.), 'ABCDEFGHIJKLMNOPQRSTUVWXYZ', 'abcdefghijklmnopqrstuvwxyz'), 'complete') or contains(translate(normalize-space(.), 'ABCDEFGHIJKLMNOPQRSTUVWXYZ', 'abcdefghijklmnopqrstuvwxyz'), 'submit') or contains(translate(normalize-space(.), 'ABCDEFGHIJKLMNOPQRSTUVWXYZ', 'abcdefghijklmnopqrstuvwxyz'), 'finish')] -> Expected condition failed: waiting for element to be clickable: By.xpath: //button[contains(translate(normalize-space(.), 'ABCDEFGHIJKLMNOPQRSTUVWXYZ', 'abcdefghijklmnopqrstuvwxyz'), 'check in') or contains(translate(normalize-space(.), 'ABCDEFGHIJKLMNOPQRSTUVWXYZ', 'abcdefghijklmnopqrstuvwxyz'), 'check-in') or contains(translate(normalize-space(.), 'ABCDEFGHIJKLMNOPQRSTUVWXYZ', 'abcdefghijklmnopqrstuvwxyz'), 'checkin') or contains(translate(normalize-space(.), 'ABCDEFGHIJKLMNOPQRSTUVWXYZ', 'abcdefghijklmnopqrstuvwxyz'), 'confirm') or contains(translate(normalize-space(.), 'ABCDEFGHIJKLMNOPQRSTUVWXYZ', 'abcdefghijklmnopqrstuvwxyz'), 'complete') or contains(translate(normalize-space(.), 'ABCDEFGHIJKLMNOPQRSTUVWXYZ', 'abcdefghijklmnopqrstuvwxyz'), 'submit') or contains(translate(normalize-space(.), 'ABCDEFGHIJKLMNOPQRSTUVWXYZ', 'abcdefghijklmnopqrstuvwxyz'), 'finish')] (tried for 40 second(s) with 500 milliseconds interval)
Build info: version: '4.15.0', revision: '1d14b5521b'
System info: os.name: 'Mac OS X', os.arch: 'aarch64', os.version: '14.6', java.version: '17.0.13'
Driver info: org.openqa.selenium.chrome.ChromeDriver
Capabilities {acceptInsecureCerts: false, browserName: chrome, browserVersion: 147.0.7727.56, chrome: {chromedriverVersion: 147.0.7727.57 (b4f28b5637d0..., userDataDir: /var/folders/bt/fnhvdc_n35x...}, fedcm:accounts: true, goog:chromeOptions: {debuggerAddress: localhost:49689}, goog:processID: 3758, networkConnectionEnabled: false, pageLoadStrategy: normal, platformName: mac, proxy: Proxy(), se:cdp: ws://localhost:49689/devtoo..., se:cdpVersion: 147.0.7727.56, setWindowRect: true, strictFileInteractability: false, timeouts: {implicit: 0, pageLoad: 300000, script: 30000}, unhandledPromptBehavior: dismiss and notify, webauthn:extension:credBlob: true, webauthn:extension:largeBlob: true, webauthn:extension:minPinLength: true, webauthn:extension:prf: true, webauthn:virtualAuthenticators: true}
Session ID: 026f50ed22b7d3470cc2986717242a34
[BookingSteps] clickCheckIn selector failed: By.xpath: //button[contains(translate(normalize-space(.), 'ABCDEFGHIJKLMNOPQRSTUVWXYZ', 'abcdefghijklmnopqrstuvwxyz'), 'pay') or contains(translate(normalize-space(.), 'ABCDEFGHIJKLMNOPQRSTUVWXYZ', 'abcdefghijklmnopqrstuvwxyz'), 'proceed') or contains(translate(normalize-space(.), 'ABCDEFGHIJKLMNOPQRSTUVWXYZ', 'abcdefghijklmnopqrstuvwxyz'), 'continue')] -> Expected condition failed: waiting for element to be clickable: By.xpath: //button[contains(translate(normalize-space(.), 'ABCDEFGHIJKLMNOPQRSTUVWXYZ', 'abcdefghijklmnopqrstuvwxyz'), 'pay') or contains(translate(normalize-space(.), 'ABCDEFGHIJKLMNOPQRSTUVWXYZ', 'abcdefghijklmnopqrstuvwxyz'), 'proceed') or contains(translate(normalize-space(.), 'ABCDEFGHIJKLMNOPQRSTUVWXYZ', 'abcdefghijklmnopqrstuvwxyz'), 'continue')] (tried for 40 second(s) with 500 milliseconds interval)
Build info: version: '4.15.0', revision: '1d14b5521b'
System info: os.name: 'Mac OS X', os.arch: 'aarch64', os.version: '14.6', java.version: '17.0.13'
Driver info: org.openqa.selenium.chrome.ChromeDriver
Capabilities {acceptInsecureCerts: false, browserName: chrome, browserVersion: 147.0.7727.56, chrome: {chromedriverVersion: 147.0.7727.57 (b4f28b5637d0..., userDataDir: /var/folders/bt/fnhvdc_n35x...}, fedcm:accounts: true, goog:chromeOptions: {debuggerAddress: localhost:49689}, goog:processID: 3758, networkConnectionEnabled: false, pageLoadStrategy: normal, platformName: mac, proxy: Proxy(), se:cdp: ws://localhost:49689/devtoo..., se:cdpVersion: 147.0.7727.56, setWindowRect: true, strictFileInteractability: false, timeouts: {implicit: 0, pageLoad: 300000, script: 30000}, unhandledPromptBehavior: dismiss and notify, webauthn:extension:credBlob: true, webauthn:extension:largeBlob: true, webauthn:extension:minPinLength: true, webauthn:extension:prf: true, webauthn:virtualAuthenticators: true}
Session ID: 026f50ed22b7d3470cc2986717242a34
[BookingSteps] clickCheckIn fallback button clicked: text='Search' class='btn btn-warning w-100 h-45 search'
  And I create a new booking with guest details                                # com.hxpms.stepdefinitions.BookingSteps.iCreateANewBookingWithGuestDetails()
  Then the booking should be created successfully                              # com.hxpms.stepdefinitions.BookingSteps.theBookingShouldBeCreatedSuccessfully()
      org.openqa.selenium.TimeoutException: Expected condition failed: waiting for at least one condition to be valid: url to contain "booking/details". Current url: "https://demo.hotelxplore.com/frontdesk/book-room?book-type=Walk%20In" || url to contain "booking/". Current url: "https://demo.hotelxplore.com/frontdesk/book-room?book-type=Walk%20In" || visibility of element located by By.cssSelector: #postPayment (tried for 60 second(s) with 500 milliseconds interval)
Build info: version: '4.15.0', revision: '1d14b5521b'
System info: os.name: 'Mac OS X', os.arch: 'aarch64', os.version: '14.6', java.version: '17.0.13'
Driver info: org.openqa.selenium.chrome.ChromeDriver
Capabilities {acceptInsecureCerts: false, browserName: chrome, browserVersion: 147.0.7727.56, chrome: {chromedriverVersion: 147.0.7727.57 (b4f28b5637d0..., userDataDir: /var/folders/bt/fnhvdc_n35x...}, fedcm:accounts: true, goog:chromeOptions: {debuggerAddress: localhost:49689}, goog:processID: 3758, networkConnectionEnabled: false, pageLoadStrategy: normal, platformName: mac, proxy: Proxy(), se:cdp: ws://localhost:49689/devtoo..., se:cdpVersion: 147.0.7727.56, setWindowRect: true, strictFileInteractability: false, timeouts: {implicit: 0, pageLoad: 300000, script: 30000}, unhandledPromptBehavior: dismiss and notify, webauthn:extension:credBlob: true, webauthn:extension:largeBlob: true, webauthn:extension:minPinLength: true, webauthn:extension:prf: true, webauthn:virtualAuthenticators: true}
Session ID: 026f50ed22b7d3470cc2986717242a34
	at org.openqa.selenium.support.ui.WebDriverWait.timeoutException(WebDriverWait.java:84)
	at org.openqa.selenium.support.ui.FluentWait.until(FluentWait.java:229)
	at com.hxpms.stepdefinitions.BookingSteps.theBookingShouldBeCreatedSuccessfully(BookingSteps.java:387)
	at ✽.the booking should be created successfully(file:///Users/pa/Downloads/HX_PMS_Full%20_Phase/HX_PMS/HX_PMS_Framework/src/test/resources/features/Booking.feature:7)

]]></system-out>
    <system-err><![CDATA[SLF4J: Failed to load class "org.slf4j.impl.StaticLoggerBinder".
SLF4J: Defaulting to no-operation (NOP) logger implementation
SLF4J: See http://www.slf4j.org/codes.html#StaticLoggerBinder for further details.
Apr 17, 2026 2:52:46 PM org.openqa.selenium.devtools.CdpVersionFinder findNearestMatch
WARNING: Unable to find CDP implementation matching 147
Apr 17, 2026 2:52:46 PM org.openqa.selenium.chromium.ChromiumDriver lambda$new$5
WARNING: Unable to find version of CDP to use for 147.0.7727.56. You may need to include a dependency on a specific version of the CDP using something similar to `org.seleniumhq.selenium:selenium-devtools-v86:4.15.0` where the version ("v86") matches the version of the chromium-based browser you're using and the version number of the artifact is the same as Selenium's.
]]></system-err>
  </testcase>
</testsuite>