<?xml version="1.0" encoding="UTF-8"?>
<testng-results ignored="0" total="6" passed="6" failed="0" skipped="0">
  <reporter-output>
  </reporter-output>
  <suite started-at="2026-04-23T13:12:15 IST" name="HX_PMS_Framework_TestNG_Suite" finished-at="2026-04-23T13:22:56 IST" duration-ms="640753">
    <groups>
      <group name="cucumber">
        <method signature="AbstractTestNGCucumberTests.runScenario(io.cucumber.testng.PickleWrapper,io.cucumber.testng.FeatureWrapper)[pri:0, instance:com.hxpms.runners.TestNGRunner@3e92efc3]" name="runScenario" class="io.cucumber.testng.AbstractTestNGCucumberTests"/>
      </group> <!-- cucumber -->
    </groups>
    <test started-at="2026-04-23T13:12:15 IST" name="Cucumber Tests" finished-at="2026-04-23T13:22:56 IST" duration-ms="640753">
      <class name="com.hxpms.runners.TestNGRunner">
        <test-method is-config="true" signature="setUpClass(org.testng.ITestContext)[pri:0, instance:com.hxpms.runners.TestNGRunner@3e92efc3]" started-at="2026-04-23T13:12:15 IST" name="setUpClass" finished-at="2026-04-23T13:12:16 IST" duration-ms="264" status="PASS">
          <params>
            <param index="0">
              <value>
                <![CDATA[org.testng.TestRunner@787f97b]]>
              </value>
            </param>
          </params>
          <reporter-output>
          </reporter-output>
        </test-method> <!-- setUpClass -->
        <test-method signature="runScenario(io.cucumber.testng.PickleWrapper,io.cucumber.testng.FeatureWrapper)[pri:0, instance:com.hxpms.runners.TestNGRunner@3e92efc3]" started-at="2026-04-23T13:12:16 IST" name="runScenario" description="Runs Cucumber Scenarios" data-provider="scenarios" finished-at="2026-04-23T13:12:47 IST" duration-ms="31955" status="PASS">
          <params>
            <param index="0">
              <value>
                <![CDATA["Create a new walk-in booking for a new guest with cash payment"]]>
              </value>
            </param>
            <param index="1">
              <value>
                <![CDATA["Create Booking"]]>
              </value>
            </param>
          </params>
          <reporter-output>
          </reporter-output>
        </test-method> <!-- runScenario -->
        <test-method signature="runScenario(io.cucumber.testng.PickleWrapper,io.cucumber.testng.FeatureWrapper)[pri:0, instance:com.hxpms.runners.TestNGRunner@3e92efc3]" started-at="2026-04-23T13:12:47 IST" name="runScenario" description="Runs Cucumber Scenarios" data-provider="scenarios" finished-at="2026-04-23T13:14:35 IST" duration-ms="107803" status="PASS">
          <params>
            <param index="0">
              <value>
                <![CDATA["Create a reservation booking for 5 rooms and 6 nights with cash payment"]]>
              </value>
            </param>
            <param index="1">
              <value>
                <![CDATA["Create Booking"]]>
              </value>
            </param>
          </params>
          <reporter-output>
          </reporter-output>
        </test-method> <!-- runScenario -->
        <test-method signature="runScenario(io.cucumber.testng.PickleWrapper,io.cucumber.testng.FeatureWrapper)[pri:0, instance:com.hxpms.runners.TestNGRunner@3e92efc3]" started-at="2026-04-23T13:14:35 IST" name="runScenario" description="Runs Cucumber Scenarios" data-provider="scenarios" finished-at="2026-04-23T13:15:08 IST" duration-ms="32469" status="PASS">
          <params>
            <param index="0">
              <value>
                <![CDATA["Create a walk-in booking for Non Smoking Double Beds room type with cash payment"]]>
              </value>
            </param>
            <param index="1">
              <value>
                <![CDATA["Create Booking"]]>
              </value>
            </param>
          </params>
          <reporter-output>
          </reporter-output>
        </test-method> <!-- runScenario -->
        <test-method signature="runScenario(io.cucumber.testng.PickleWrapper,io.cucumber.testng.FeatureWrapper)[pri:0, instance:com.hxpms.runners.TestNGRunner@3e92efc3]" started-at="2026-04-23T13:15:08 IST" name="runScenario" description="Runs Cucumber Scenarios" data-provider="scenarios" finished-at="2026-04-23T13:16:58 IST" duration-ms="110569" status="PASS">
          <params>
            <param index="0">
              <value>
                <![CDATA["Create a reservation booking for Non Smoking Double Beds room type with cash payment"]]>
              </value>
            </param>
            <param index="1">
              <value>
                <![CDATA["Create Booking"]]>
              </value>
            </param>
          </params>
          <reporter-output>
          </reporter-output>
        </test-method> <!-- runScenario -->
        <test-method signature="runScenario(io.cucumber.testng.PickleWrapper,io.cucumber.testng.FeatureWrapper)[pri:0, instance:com.hxpms.runners.TestNGRunner@3e92efc3]" started-at="2026-04-23T13:16:58 IST" name="runScenario" description="Runs Cucumber Scenarios" data-provider="scenarios" finished-at="2026-04-23T13:22:51 IST" duration-ms="352813" status="PASS">
          <params>
            <param index="0">
              <value>
                <![CDATA["Check in a guest"]]>
              </value>
            </param>
            <param index="1">
              <value>
                <![CDATA["Check In Guest"]]>
              </value>
            </param>
          </params>
          <reporter-output>
          </reporter-output>
        </test-method> <!-- runScenario -->
        <test-method signature="runScenario(io.cucumber.testng.PickleWrapper,io.cucumber.testng.FeatureWrapper)[pri:0, instance:com.hxpms.runners.TestNGRunner@3e92efc3]" started-at="2026-04-23T13:22:51 IST" name="runScenario" description="Runs Cucumber Scenarios" data-provider="scenarios" finished-at="2026-04-23T13:22:56 IST" duration-ms="4668" status="PASS">
          <params>
            <param index="0">
              <value>
                <![CDATA["Successful login with valid credentials"]]>
              </value>
            </param>
            <param index="1">
              <value>
                <![CDATA["Login to HX PMS"]]>
              </value>
            </param>
          </params>
          <reporter-output>
          </reporter-output>
        </test-method> <!-- runScenario -->
        <test-method is-config="true" signature="tearDownClass()[pri:0, instance:com.hxpms.runners.TestNGRunner@3e92efc3]" started-at="2026-04-23T13:22:56 IST" name="tearDownClass" finished-at="2026-04-23T13:22:56 IST" duration-ms="195" status="PASS">
          <reporter-output>
          </reporter-output>
        </test-method> <!-- tearDownClass -->
      </class> <!-- com.hxpms.runners.TestNGRunner -->
    </test> <!-- Cucumber Tests -->
  </suite> <!-- HX_PMS_Framework_TestNG_Suite -->
</testng-results>
