<?xml version="1.0" encoding="UTF-8"?>
<!-- Generated by org.testng.reporters.JUnitXMLReporter -->
<testsuite ignored="0" hostname="Parass-Mac-mini.local" failures="1" tests="1" name="Surefire test" time="529.182" errors="0" timestamp="2026-04-17T15:10:23 IST">
  <testcase classname="io.cucumber.testng.AbstractTestNGCucumberTests" name="runScenario" time="528.941">
    <failure type="org.openqa.selenium.TimeoutException" message="Expected condition failed: waiting for at least one condition to be valid: url to contain &amp;quot;booking/details&amp;quot;. Current url: &amp;quot;https://demo.hotelxplore.com/frontdesk/book-room?book-type=Walk%20In&amp;quot; || url to contain &amp;quot;booking/&amp;quot;. Current url: &amp;quot;https://demo.hotelxplore.com/frontdesk/book-room?book-type=Walk%20In&amp;quot; || visibility of element located by By.cssSelector: #postPayment (tried for 60 second(s) with 500 milliseconds interval)
Build info: version: &amp;apos;4.15.0&amp;apos;, revision: &amp;apos;1d14b5521b&amp;apos;
System info: os.name: &amp;apos;Mac OS X&amp;apos;, os.arch: &amp;apos;aarch64&amp;apos;, os.version: &amp;apos;14.6&amp;apos;, java.version: &amp;apos;17.0.13&amp;apos;
Driver info: org.openqa.selenium.chrome.ChromeDriver
Capabilities {acceptInsecureCerts: false, browserName: chrome, browserVersion: 147.0.7727.56, chrome: {chromedriverVersion: 147.0.7727.57 (b4f28b5637d0..., userDataDir: /var/folders/bt/fnhvdc_n35x...}, fedcm:accounts: true, goog:chromeOptions: {debuggerAddress: localhost:58151}, goog:processID: 6333, networkConnectionEnabled: false, pageLoadStrategy: normal, platformName: mac, proxy: Proxy(), se:cdp: ws://localhost:58151/devtoo..., se:cdpVersion: 147.0.7727.56, setWindowRect: true, strictFileInteractability: false, timeouts: {implicit: 0, pageLoad: 300000, script: 30000}, unhandledPromptBehavior: dismiss and notify, webauthn:extension:credBlob: true, webauthn:extension:largeBlob: true, webauthn:extension:minPinLength: true, webauthn:extension:prf: true, webauthn:virtualAuthenticators: true}
Session ID: 3cab9297ed37f700046ee23edfc4ba0e">
      <![CDATA[org.openqa.selenium.TimeoutException: Expected condition failed: waiting for at least one condition to be valid: url to contain "booking/details". Current url: "https://demo.hotelxplore.com/frontdesk/book-room?book-type=Walk%20In" || url to contain "booking/". Current url: "https://demo.hotelxplore.com/frontdesk/book-room?book-type=Walk%20In" || visibility of element located by By.cssSelector: #postPayment (tried for 60 second(s) with 500 milliseconds interval)
Build info: version: '4.15.0', revision: '1d14b5521b'
System info: os.name: 'Mac OS X', os.arch: 'aarch64', os.version: '14.6', java.version: '17.0.13'
Driver info: org.openqa.selenium.chrome.ChromeDriver
Capabilities {acceptInsecureCerts: false, browserName: chrome, browserVersion: 147.0.7727.56, chrome: {chromedriverVersion: 147.0.7727.57 (b4f28b5637d0..., userDataDir: /var/folders/bt/fnhvdc_n35x...}, fedcm:accounts: true, goog:chromeOptions: {debuggerAddress: localhost:58151}, goog:processID: 6333, networkConnectionEnabled: false, pageLoadStrategy: normal, platformName: mac, proxy: Proxy(), se:cdp: ws://localhost:58151/devtoo..., se:cdpVersion: 147.0.7727.56, setWindowRect: true, strictFileInteractability: false, timeouts: {implicit: 0, pageLoad: 300000, script: 30000}, unhandledPromptBehavior: dismiss and notify, webauthn:extension:credBlob: true, webauthn:extension:largeBlob: true, webauthn:extension:minPinLength: true, webauthn:extension:prf: true, webauthn:virtualAuthenticators: true}
Session ID: 3cab9297ed37f700046ee23edfc4ba0e
at org.openqa.selenium.support.ui.WebDriverWait.timeoutException(WebDriverWait.java:84)
at org.openqa.selenium.support.ui.FluentWait.until(FluentWait.java:229)
at com.hxpms.stepdefinitions.BookingSteps.theBookingShouldBeCreatedSuccessfully(BookingSteps.java:387)
at ✽.the booking should be created successfully(file:///Users/pa/Downloads/HX_PMS_Full%20_Phase/HX_PMS/HX_PMS_Framework/src/test/resources/features/Booking.feature:7)
]]>
    </failure>
  </testcase> <!-- runScenario -->
</testsuite> <!-- Surefire test -->
